<?xml version="1.0" encoding="UTF-8"?>
<!-- Generated by org.testng.reporters.JUnitReportReporter -->
<testsuite hostname="Nallaballi-HomePC" failures="0" tests="2" name="testcases.LoginTest" time="16.609" errors="0" timestamp="2023-03-10T01:13:40 CST" skipped="0">
  <testcase classname="testcases.LoginTest" name="loginToApplication" time="10.369"/>
  <system-out/>
  <testcase classname="testcases.LoginTest" name="loginToApplication" time="6.240"/>
  <system-out/>
</testsuite> <!-- testcases.LoginTest -->
